<?xml version="1.0" encoding="UTF-8"?>
<testng-results skipped="0" failed="0" ignored="0" total="4" passed="4">
  <reporter-output>
  </reporter-output>
  <suite name="Command line suite" duration-ms="47" started-at="2020-04-16T01:33:11 IST" finished-at="2020-04-16T01:33:12 IST">
    <groups>
    </groups>
    <test name="Command line test" duration-ms="47" started-at="2020-04-16T01:33:11 IST" finished-at="2020-04-16T01:33:12 IST">
      <class name="qaclickacademy.RESTAPITest">
        <test-method status="PASS" signature="deleteTwitter()[pri:0, instance:qaclickacademy.RESTAPITest@2f686d1f]" name="deleteTwitter" duration-ms="16" started-at="2020-04-16T01:33:12 IST" finished-at="2020-04-16T01:33:12 IST">
          <reporter-output>
          </reporter-output>
        </test-method> <!-- deleteTwitter -->
        <test-method status="PASS" signature="postJira()[pri:0, instance:qaclickacademy.RESTAPITest@2f686d1f]" name="postJira" duration-ms="0" started-at="2020-04-16T01:33:12 IST" finished-at="2020-04-16T01:33:12 IST">
          <reporter-output>
          </reporter-output>
        </test-method> <!-- postJira -->
      </class> <!-- qaclickacademy.RESTAPITest -->
      <class name="qaclickacademy.SeleniumTest">
        <test-method status="PASS" signature="BrowserAutomation()[pri:0, instance:qaclickacademy.SeleniumTest@3fee9989]" name="BrowserAutomation" duration-ms="0" started-at="2020-04-16T01:33:12 IST" finished-at="2020-04-16T01:33:12 IST">
          <reporter-output>
          </reporter-output>
        </test-method> <!-- BrowserAutomation -->
        <test-method status="PASS" signature="elementsUi()[pri:0, instance:qaclickacademy.SeleniumTest@3fee9989]" name="elementsUi" duration-ms="0" started-at="2020-04-16T01:33:12 IST" finished-at="2020-04-16T01:33:12 IST">
          <reporter-output>
          </reporter-output>
        </test-method> <!-- elementsUi -->
      </class> <!-- qaclickacademy.SeleniumTest -->
    </test> <!-- Command line test -->
  </suite> <!-- Command line suite -->
</testng-results>
