<?xml version="1.0" encoding="UTF-8"?>
<testng-results skipped="0" failed="0" total="4" passed="4">
  <reporter-output>
  </reporter-output>
  <suite name="Suite" duration-ms="157" started-at="2020-04-28T11:10:20Z" finished-at="2020-04-28T11:10:20Z">
    <groups>
    </groups>
    <test name="Test1" duration-ms="78" started-at="2020-04-28T11:10:20Z" finished-at="2020-04-28T11:10:20Z">
      <class name="qaclickacademy.SeleniumTest">
        <test-method status="PASS" signature="BrowserAutomation()[pri:0, instance:qaclickacademy.SeleniumTest@c818063]" name="BrowserAutomation" duration-ms="31" started-at="2020-04-28T16:40:20Z" finished-at="2020-04-28T16:40:20Z">
          <reporter-output>
          </reporter-output>
        </test-method> <!-- BrowserAutomation -->
        <test-method status="PASS" signature="elementsUi()[pri:0, instance:qaclickacademy.SeleniumTest@c818063]" name="elementsUi" duration-ms="0" started-at="2020-04-28T16:40:20Z" finished-at="2020-04-28T16:40:20Z">
          <reporter-output>
          </reporter-output>
        </test-method> <!-- elementsUi -->
      </class> <!-- qaclickacademy.SeleniumTest -->
    </test> <!-- Test1 -->
    <test name="Test2" duration-ms="16" started-at="2020-04-28T11:10:20Z" finished-at="2020-04-28T11:10:20Z">
      <class name="qaclickacademy.RESTAPITest">
        <test-method status="PASS" signature="deleteTwitter()[pri:0, instance:qaclickacademy.RESTAPITest@5594a1b5]" name="deleteTwitter" duration-ms="0" started-at="2020-04-28T16:40:20Z" finished-at="2020-04-28T16:40:20Z">
          <reporter-output>
          </reporter-output>
        </test-method> <!-- deleteTwitter -->
        <test-method status="PASS" signature="postJira()[pri:0, instance:qaclickacademy.RESTAPITest@5594a1b5]" name="postJira" duration-ms="0" started-at="2020-04-28T16:40:20Z" finished-at="2020-04-28T16:40:20Z">
          <reporter-output>
          </reporter-output>
        </test-method> <!-- postJira -->
      </class> <!-- qaclickacademy.RESTAPITest -->
    </test> <!-- Test2 -->
  </suite> <!-- Suite -->
</testng-results>
